<?xml version="1.0" encoding="UTF-8"?>
<!-- Generated by org.testng.reporters.JUnitReportReporter -->
<testsuite hostname="Hitendras-MacBook.local" failures="0" tests="1" name="com.pfl.testCases.ProfilePageTest" time="9.702" errors="0" timestamp="2023-05-19T20:07:04 IST" skipped="0">
  <testcase classname="com.pfl.testCases.ProfilePageTest" name="getCollectedTicketsInfo" time="9.702"/>
  <system-out/>
</testsuite> <!-- com.pfl.testCases.ProfilePageTest -->
