<?xml version="1.0" encoding="UTF-8"?>
<!-- Generated by org.testng.reporters.JUnitReportReporter -->
<testsuite hostname="Hitendras-MacBook.local" failures="0" tests="1" name="com.pfl.testCases.BuyTicketTest" time="16.834" errors="0" timestamp="2023-06-06T17:58:05 IST" skipped="0">
  <testcase classname="com.pfl.testCases.BuyTicketTest" name="buyMillionaireClubTicket" time="16.834"/>
  <system-out/>
</testsuite> <!-- com.pfl.testCases.BuyTicketTest -->
