<?xml version="1.0" encoding="UTF-8"?>
<!-- Generated by org.testng.reporters.JUnitReportReporter -->
<testsuite hostname="himanshivs-MacBook-Air.local" failures="0" tests="1" name="com.pfl.testCases.TicketDetailsPageTest" time="35.082" errors="0" timestamp="2023-05-18T13:19:23 IST" skipped="0">
  <testcase classname="com.pfl.testCases.TicketDetailsPageTest" name="verifyDetailsOnTicketDetailPage" time="35.082"/>
  <system-out/>
</testsuite> <!-- com.pfl.testCases.TicketDetailsPageTest -->
