<?xml version="1.0" encoding="UTF-8"?>
<!-- Generated by org.testng.reporters.JUnitReportReporter -->
<testsuite hostname="Hitendras-MacBook-Air.local" failures="0" tests="1" name="com.pfl.testCases.HomePageTest" time="10.584" errors="0" timestamp="2023-05-10T14:33:11 IST" skipped="0">
  <testcase classname="com.pfl.testCases.HomePageTest" name="verifyLogo" time="10.584"/>
  <system-out/>
</testsuite> <!-- com.pfl.testCases.HomePageTest -->
