<?xml version="1.0" encoding="UTF-8"?>
<!-- Generated by org.testng.reporters.JUnitReportReporter -->
<testsuite hostname="Hitendras-MacBook.local" failures="0" tests="1" name="com.pfl.testCases.TicketDetailsPageTest" time="11.739" errors="0" timestamp="2023-06-06T13:46:20 IST" skipped="0">
  <testcase classname="com.pfl.testCases.TicketDetailsPageTest" name="getDetailsOnTicketDetailPage" time="11.739"/>
  <system-out/>
</testsuite> <!-- com.pfl.testCases.TicketDetailsPageTest -->
