<?xml version="1.0" encoding="UTF-8"?>
<!-- Generated by org.testng.reporters.JUnitReportReporter -->
<testsuite hostname="Hitendras-MacBook.local" failures="0" tests="1" name="com.pfl.testCases.HomePageTest" time="9.478" errors="0" timestamp="2023-05-30T17:39:42 IST" skipped="0">
  <testcase classname="com.pfl.testCases.HomePageTest" name="getTheTicketDetailsOnHomePage" time="9.478"/>
  <system-out/>
</testsuite> <!-- com.pfl.testCases.HomePageTest -->
