<?xml version="1.0" encoding="UTF-8"?>
<!-- Generated by org.testng.reporters.JUnitReportReporter -->
<testsuite hostname="himanshivs-MacBook-Air.local" failures="0" tests="1" name="com.pfl.testCases.HomePageTest" time="8.216" errors="0" timestamp="2023-05-18T16:27:57 IST" skipped="0">
  <testcase classname="com.pfl.testCases.HomePageTest" name="getTheTicketDetails" time="8.216"/>
  <system-out/>
</testsuite> <!-- com.pfl.testCases.HomePageTest -->
