<?xml version="1.0" encoding="UTF-8"?>
<!-- Generated by org.testng.reporters.JUnitReportReporter -->
<testsuite hostname="Hitendras-MacBook.local" failures="0" tests="2" name="com.pfl.testCases.SignupTest" time="10.973" errors="0" timestamp="2023-05-25T15:57:25 IST" skipped="1">
  <testcase classname="com.pfl.testCases.SignupTest" name="verifySignupWithoutOTP" time="10.973"/>
  <system-out/>
  <testcase classname="com.pfl.testCases.SignupTest" name="newUserSignupTest">
    <skipped/>
  </testcase> <!-- newUserSignupTest -->
  <system-out/>
</testsuite> <!-- com.pfl.testCases.SignupTest -->
