<?xml version="1.0" encoding="UTF-8"?>
<!-- Generated by org.testng.reporters.JUnitReportReporter -->
<testsuite hostname="Hitendras-MacBook.local" failures="0" tests="1" name="com.pfl.testCases.LoginPageTest" time="9.180" errors="0" timestamp="2023-05-19T20:01:42 IST" skipped="0">
  <testcase classname="com.pfl.testCases.LoginPageTest" name="verifyLoginWithInvalidPass" time="9.180"/>
  <system-out/>
</testsuite> <!-- com.pfl.testCases.LoginPageTest -->
